<?xml version="1.0" encoding="UTF-8"?>
<!-- Generated by org.testng.reporters.JUnitXMLReporter -->
<testsuite ignored="0" hostname="DESKTOP-6SHDL3O" failures="0" tests="2" name="Test-Runner-Firefox" time="46.2" errors="0" timestamp="2023-03-31T20:51:05 IST">
  <testcase classname="vtiger.Organization.Tests.CreateOrganizationTest" name="createOrganizationTest" time="16.709"/>
  <testcase classname="vtiger.Organization.Tests.CreateOrganizationTest" name="demo" time="0.003"/>
</testsuite> <!-- Test-Runner-Firefox -->
