<?xml version="1.0" encoding="UTF-8"?>
<!-- Generated by org.testng.reporters.JUnitXMLReporter -->
<testsuite ignored="0" hostname="DESKTOP-6SHDL3O" failures="0" tests="2" name="Test-Runner-Edge" time="0.167" errors="0" timestamp="2023-03-31T20:48:35 IST">
  <testcase classname="vtiger.GenericUtilities.BaseClass" name="@BeforeTest bcConfig" time="0.007">
    <failure type="java.lang.NullPointerException" message="Cannot invoke &amp;quot;org.openqa.selenium.WebDriver.manage()&amp;quot; because &amp;quot;driver&amp;quot; is null">
      <![CDATA[java.lang.NullPointerException: Cannot invoke "org.openqa.selenium.WebDriver.manage()" because "driver" is null
at vtiger.GenericUtilities.WebDriverUtility.maximizeWindow(WebDriverUtility.java:36)
at vtiger.GenericUtilities.BaseClass.bcConfig(BaseClass.java:72)
at java.base/java.util.concurrent.FutureTask.run(FutureTask.java:264)
at java.base/java.util.concurrent.ThreadPoolExecutor.runWorker(ThreadPoolExecutor.java:1136)
at java.base/java.util.concurrent.ThreadPoolExecutor$Worker.run(ThreadPoolExecutor.java:635)
at java.base/java.lang.Thread.run(Thread.java:833)
... Removed 13 stack frames]]>
    </failure>
  </testcase> <!-- @BeforeTest bcConfig -->
  <testcase classname="vtiger.GenericUtilities.BaseClass" name="@BeforeMethod bmConfig" time="-1.680275915646E9">
    <skipped/>
  </testcase> <!-- @BeforeMethod bmConfig -->
  <testcase classname="vtiger.GenericUtilities.BaseClass" name="@AfterMethod amConfig" time="-1.680275915671E9">
    <skipped/>
  </testcase> <!-- @AfterMethod amConfig -->
  <testcase classname="vtiger.GenericUtilities.BaseClass" name="@BeforeMethod bmConfig" time="-1.680275915675E9">
    <skipped/>
  </testcase> <!-- @BeforeMethod bmConfig -->
  <testcase classname="vtiger.GenericUtilities.BaseClass" name="@AfterMethod amConfig" time="-1.680275915698E9">
    <skipped/>
  </testcase> <!-- @AfterMethod amConfig -->
  <testcase classname="vtiger.GenericUtilities.BaseClass" name="@AfterTest acConfig" time="-1.680275915703E9">
    <skipped/>
  </testcase> <!-- @AfterTest acConfig -->
  <testcase classname="vtiger.Organization.Tests.CreateOrganizationTest" name="createOrganizationTest" time="0.0">
    <skipped/>
  </testcase> <!-- createOrganizationTest -->
  <testcase classname="vtiger.Organization.Tests.CreateOrganizationTest" name="demo" time="0.0">
    <skipped/>
  </testcase> <!-- demo -->
</testsuite> <!-- Test-Runner-Edge -->
