<?xml version="1.0" encoding="UTF-8"?>
<!-- Generated by org.testng.reporters.JUnitReportReporter -->
<testsuite hostname="DESKTOP-6SHDL3O" failures="0" tests="2" name="Practice.DataProviderPractice" time="0.030" errors="0" timestamp="2023-03-27T21:33:20 IST" skipped="0">
  <testcase classname="Practice.DataProviderPractice" name="addToCart" time="0.003"/>
  <system-out/>
  <testcase classname="Practice.DataProviderPractice" name="addToCart" time="0.027"/>
  <system-out/>
</testsuite> <!-- Practice.DataProviderPractice -->
