<?xml version="1.0" encoding="UTF-8"?>
<!-- Generated by org.testng.reporters.JUnitReportReporter -->
<testsuite hostname="DESKTOP-6SHDL3O" failures="0" tests="2" name="Practice.BaseClassPractice" time="0.018" errors="0" timestamp="2023-03-28T19:15:09 IST" skipped="0">
  <testcase classname="Practice.BaseClassPractice" name="test" time="0.013"/>
  <system-out/>
  <testcase classname="Practice.BaseClassPractice" name="test2" time="0.005"/>
  <system-out/>
</testsuite> <!-- Practice.BaseClassPractice -->
