<?xml version="1.0" encoding="UTF-8"?>
<!-- Generated by org.testng.reporters.JUnitReportReporter -->
<testsuite hostname="DESKTOP-6SHDL3O" failures="0" tests="1" name="vtiger.Organization.Tests.CreateOrganizationWithIndustryAndType" time="20.884" errors="0" timestamp="2023-04-04T15:03:49 IST" skipped="0">
  <testcase classname="vtiger.Organization.Tests.CreateOrganizationWithIndustryAndType" name="createOrganizationWithIndustryAndTypeTest" time="20.884"/>
  <system-out>
    <![CDATA[Navigated to organization link
Clicked on create organization lookup image
New organization is created with industry and type drop down]]>
  </system-out>
</testsuite> <!-- vtiger.Organization.Tests.CreateOrganizationWithIndustryAndType -->
