<?xml version="1.0" encoding="UTF-8"?>
<!-- Generated by org.testng.reporters.JUnitReportReporter -->
<testsuite hostname="DESKTOP-6SHDL3O" failures="0" tests="1" name="vtiger.Contact.Tests.CreateContactTest" time="19.258" errors="0" timestamp="2023-03-30T16:00:30 IST" skipped="0">
  <testcase classname="vtiger.Contact.Tests.CreateContactTest" name="createContactTest" time="19.258"/>
  <system-out/>
</testsuite> <!-- vtiger.Contact.Tests.CreateContactTest -->
