<?xml version="1.0" encoding="UTF-8"?>
<!-- Generated by org.testng.reporters.JUnitReportReporter -->
<testsuite hostname="DESKTOP-6SHDL3O" failures="0" tests="1" name="vtiger.Organization.Tests.CreateOrganizationWithIndustryTest" time="19.928" errors="0" timestamp="2023-03-30T16:00:30 IST" skipped="0">
  <testcase classname="vtiger.Organization.Tests.CreateOrganizationWithIndustryTest" name="createOrganizationWithIndustryTest" time="19.928"/>
  <system-out/>
</testsuite> <!-- vtiger.Organization.Tests.CreateOrganizationWithIndustryTest -->
