<?xml version="1.0" encoding="UTF-8"?>
<!-- Generated by org.testng.reporters.JUnitReportReporter -->
<testsuite hostname="DESKTOP-6SHDL3O" failures="0" tests="2" name="vtiger.Organization.Tests.CreateOrganizationTest" time="28.516" errors="0" timestamp="2023-04-04T14:59:48 IST" skipped="0">
  <testcase classname="vtiger.Organization.Tests.CreateOrganizationTest" name="demo" time="5.265"/>
  <system-out/>
  <testcase classname="vtiger.Organization.Tests.CreateOrganizationTest" name="createOrganizationTest" time="23.251"/>
  <system-out>
    <![CDATA[navigated to organizations link
Clicked on create organization lookup image
New organization created]]>
  </system-out>
</testsuite> <!-- vtiger.Organization.Tests.CreateOrganizationTest -->
