<?xml version="1.0" encoding="UTF-8"?>
<!-- Generated by org.testng.reporters.JUnitReportReporter -->
<testsuite hostname="DESKTOP-6SHDL3O" failures="0" tests="3" name="Practice.TestNGPracticeTest" time="0.035" errors="0" timestamp="2023-03-28T18:44:38 IST" skipped="0">
  <testcase classname="Practice.TestNGPracticeTest" name="createUserTest" time="0.022"/>
  <system-out/>
  <testcase classname="Practice.TestNGPracticeTest" name="modifyUserTest" time="0.010"/>
  <system-out/>
  <testcase classname="Practice.TestNGPracticeTest" name="deleteUserTest" time="0.003"/>
  <system-out/>
</testsuite> <!-- Practice.TestNGPracticeTest -->
