<?xml version="1.0" encoding="UTF-8"?>
<!-- Generated by org.testng.reporters.JUnitReportReporter -->
<testsuite hostname="DESKTOP-6SHDL3O" failures="0" tests="3" name="vtiger.Organization.Tests.CreateMultipleOrgTest" time="82.968" errors="0" timestamp="2023-04-05T14:38:48 IST" skipped="0">
  <testcase classname="vtiger.Organization.Tests.CreateMultipleOrgTest" name="createOrgTest" time="26.499"/>
  <system-out/>
  <testcase classname="vtiger.Organization.Tests.CreateMultipleOrgTest" name="createOrgTest" time="29.053"/>
  <system-out/>
  <testcase classname="vtiger.Organization.Tests.CreateMultipleOrgTest" name="createOrgTest" time="27.416"/>
  <system-out/>
</testsuite> <!-- vtiger.Organization.Tests.CreateMultipleOrgTest -->
